
ROM used:   1814/8192 (22%)
            1814/8192 (22%) including unused fragments

            1.3 Average locations per line
            13.6 Average locations per statement

RAM used:   41/368 (11%) at main() level
            63/368 (17%) worst case

Stack used: 6 worst case (5 in main + 1 for interrupts)
Stack size: 8

Lines Stmts  %   Files
----- ----- ---  -----
  121    49  37  ttttt.c
  810     0   0  ..\..\..\..\Program Files (x86)\PICC\Devices\16F887.h
  456    84  63  ..\..\..\..\Program Files (x86)\PICC\Drivers\lcd.c
----- -----
 1387   133 Total

Page ROM  %  RAM    Vol Diff  Functions:
---- --- --- ---    --- ----  ----------
0     20   1    1             @delay_ms1
 Inline         3    596  5.9  lcd_read_byte
0      6   0    0     59  4.2  lcd_read_nibble
0     15   1    1    179  3.3  lcd_send_nibble
0     66   4    3    460  4.7  lcd_send_byte
0     62   3    6    814  7.2  lcd_init
0     18   1    4    208  6.3  lcd_gotoxy
0     44   2    1    354  4.7  lcd_putc
0     13   1    0     29  1.2  timer1_isr
 Inline         6    537  6.4  readCount
0    125   7    5    173  4.4  readAverage
0     79   4   13    537  6.4  @DIV3232
0    350  19   12    820  6.3  MAIN
0      6   0    0             @const767
0     86   5    4             @PSTRINGC7_736
0     27   1    4             @DTOF
0    202  11   14             @DIVFF
0     63   3   10             @FLT
0      5   0    0             @const780
0    117   6   13             @MULFF
0     31   2    5             @FTOSD
0    197  11   13             @PRINTF_L32D_736FPFPF
0    201  11   13             @PRINTF_L32D_9600_62_63FPFPF
 Inline         0             @cinit1

Program metrics:
    Functions               12
    Statements              133
    Comments                253
    Volume (V)              7614
    Difficulty (D)          59.1
    Effort to implement (E) 449930
    Time to implement (T)   6 hours, 57 minutes
    Est Delivered Bugs (B)  2
    Cyclomatic Complexity   17
    Maintainability (MI)    135

 Segment     Used  Free
-----------  ----  ----
00000-00003     4  0  
00004-00050    77  0  
00051-007FF  1733  234  
00800-00FFF     0  2048  
01000-017FF     0  2048  
01800-01FFF     0  2048  



